0 info it worked if it ends with ok
1 verbose cli [ 'C:\\Program Files\\nodejs\\node.exe',
1 verbose cli   'C:\\Users\\Administrator\\AppData\\Roaming\\npm\\node_modules\\npm\\bin\\npm-cli.js',
1 verbose cli   'run',
1 verbose cli   'start' ]
2 info using npm@3.10.10
3 info using node@v10.5.0
4 verbose run-script [ 'prestart', 'start', 'poststart' ]
5 info lifecycle webpack-init@1.0.0~prestart: webpack-init@1.0.0
6 silly lifecycle webpack-init@1.0.0~prestart: no script for prestart, continuing
7 info lifecycle webpack-init@1.0.0~start: webpack-init@1.0.0
8 verbose lifecycle webpack-init@1.0.0~start: unsafe-perm in lifecycle true
9 verbose lifecycle webpack-init@1.0.0~start: PATH: C:\Users\Administrator\AppData\Roaming\npm\node_modules\npm\bin\node-gyp-bin;E:\2018\study\webpack\webpack-init\node_modules\.bin;D:\mysql\mysql-8.0.11-winx64;C:\Windows\system32;C:\Windows;C:\Program Files\Java\jdk-10\bin;C:\Program Files\Java\jre-10;C:\Windows\System32\Wbem;C:\Windows\System32\WindowsPowerShell\v1.0\;C:\Program Files\nodejs\;C:\Program Files\Git\cmd;C:\Program Files\MongoDB\Server\4.0\bin;D:\soft\Microsoft VS Code\bin;C:\Users\Administrator\AppData\Local\GitHubDesktop\bin;C:\Users\Administrator\AppData\Roaming\npm
10 verbose lifecycle webpack-init@1.0.0~start: CWD: E:\2018\study\webpack\webpack-init
11 silly lifecycle webpack-init@1.0.0~start: Args: [ '/d /s /c', 'webpack-dev-server --mode development --open' ]
12 silly lifecycle webpack-init@1.0.0~start: Returned: code: 3221225786  signal: null
13 info lifecycle webpack-init@1.0.0~start: Failed to exec start script
14 verbose stack Error: webpack-init@1.0.0 start: `webpack-dev-server --mode development --open`
14 verbose stack Exit status 3221225786
14 verbose stack     at EventEmitter.<anonymous> (C:\Users\Administrator\AppData\Roaming\npm\node_modules\npm\lib\utils\lifecycle.js:255:16)
14 verbose stack     at EventEmitter.emit (events.js:182:13)
14 verbose stack     at ChildProcess.<anonymous> (C:\Users\Administrator\AppData\Roaming\npm\node_modules\npm\lib\utils\spawn.js:40:14)
14 verbose stack     at ChildProcess.emit (events.js:182:13)
14 verbose stack     at maybeClose (internal/child_process.js:961:16)
14 verbose stack     at Process.ChildProcess._handle.onexit (internal/child_process.js:248:5)
15 verbose pkgid webpack-init@1.0.0
16 verbose cwd E:\2018\study\webpack\webpack-init
17 error Windows_NT 6.1.7601
18 error argv "C:\\Program Files\\nodejs\\node.exe" "C:\\Users\\Administrator\\AppData\\Roaming\\npm\\node_modules\\npm\\bin\\npm-cli.js" "run" "start"
19 error node v10.5.0
20 error npm  v3.10.10
21 error code ELIFECYCLE
22 error webpack-init@1.0.0 start: `webpack-dev-server --mode development --open`
22 error Exit status 3221225786
23 error Failed at the webpack-init@1.0.0 start script 'webpack-dev-server --mode development --open'.
23 error Make sure you have the latest version of node.js and npm installed.
23 error If you do, this is most likely a problem with the webpack-init package,
23 error not with npm itself.
23 error Tell the author that this fails on your system:
23 error     webpack-dev-server --mode development --open
23 error You can get information on how to open an issue for this project with:
23 error     npm bugs webpack-init
23 error Or if that isn't available, you can get their info via:
23 error     npm owner ls webpack-init
23 error There is likely additional logging output above.
24 verbose exit [ 1, true ]
